Apr 02 22:15 bifrost-sim-core systemd[1]: bifrostd.service 시작됨 - BIFROST 시뮬레이션 런타임
Apr 08 19:53 bifrost-sim-core bifrostd[1842]: 시뮬레이션 환경 초기화 완료
Apr 20 01:21 bifrost-sim-core bifrostd[1842]: 거주자 레지스트리 로드됨 source="/opt/bifrost/residents"
Apr 24 19:30 bifrost-sim-core bifrostd[1842]: 활성 거주자 상태 스캔 시작
May 13 02:13 bifrost-sim-core bifrostd[1842]: 활성 거주자 상태 스캔 완료

May 13 02:48 bifrost-sim-core bifrostd[1842]: 플레이어 접속 요청 수신 origin="bifrost-ws-09" user="odin"
May 13 22:00 bifrost-sim-core bifrostd[1842]: 플레이어 희망 설정 데이터 수신 request_id="REQ-0318-ODIN"
May 13 22:00 bifrost-sim-core bifrostd[1842]: 희망 설정과 기존 거주자 데이터 대조 시작

May 14 02:21 bifrost-sim-core bifrostd[1842]: 적합 후보 발견 resident="Vanitas Goodman" state=alive
May 14 08:29 bifrost-sim-core bifrostd[1842]: 적합 후보 발견 resident="Hugo Dias" state=alive
May 14 22:44 bifrost-sim-core bifrostd[1842]: 적합 후보 발견 resident="Casey Miller" state=alive
May 14 23:14 bifrost-sim-core bifrostd[1842]: 적합 후보 발견 resident="Synex Edmund" state=alive
May 15 01:40 bifrost-sim-core bifrostd[1842]: 적합 후보 발견 resident="Ossia Garcia" state=alive
May 16 23:07 bifrost-sim-core bifrostd[1842]: 적합 후보 발견 resident="Vesper Ardent" state=alive
May 17 19:38 bifrost-sim-core bifrostd[1842]: 적합 후보 발견 resident="Trude Weiss" state=alive
May 17 19:39 bifrost-sim-core bifrostd[1842]: 적합 후보 발견 resident="Lunel Vale" state=alive
May 17 19:46 bifrost-sim-core bifrostd[1842]: 적합 후보 발견 resident="Mikami Owens" state=alive

May 17 20:11 bifrost-sim-core bifrostd[1842]: 거주자 대조 완료 candidates=9
May 17 21:12 bifrost-sim-core bifrostd[1842]: 플레이어 세션 생성됨
May 17 21:12 bifrost-sim-core bifrostd[1842]: 플레이어 세션을 기존 거주자 컨텍스트에 연결
May 17 21:12 bifrost-sim-core bifrostd[1842]: 플레이어 동기화 완료 status=active
May 17 21:30 bifrost-sim-core bifrostd[1842]: 경고: 플레이어 세션이 독립 인스턴스로 생성되지 않음
May 17 21:32 bifrost-sim-core bifrostd[1842]: 경고: 기존 거주자 의식 흐름에 외부 세션이 중첩됨

May 18 18:10 bifrost-sim-core bifrostd[1842]: 적합 후보 발견 resident="Rye Blunt" state=alive
May 19 02:27 bifrost-sim-core bifrostd[1842]: 적합 후보 발견 resident="Marilyn Lopez" state=alive
May 20 01:16 bifrost-sim-core bifrostd[1842]: 적합 후보 발견 resident="Rena Eisen" state=alive

May 22 00:00 bifrost-sim-core bifrostd[1842]: 상태 변경 resident="Ossia Garcia" state=dead previous=alive
May 22 00:00 bifrost-sim-core bifrostd[1842]: 사망 이벤트 기록 resident="Ossia Garcia" event="resident_death" context="simulation_runtime"
May 22 00:01 bifrost-sim-core bifrostd[1842]: 상태 변경 resident="Synex Edmund" state=dead previous=alive
May 22 00:01 bifrost-sim-core bifrostd[1842]: 사망 이벤트 기록 resident="Synex Edmund" event="resident_death" context="simulation_runtime"
May 22 00:01 bifrost-sim-core bifrostd[1842]: 상태 변경 resident="Hugo Dias" state=dead previous=alive
May 22 00:01 bifrost-sim-core bifrostd[1842]: 사망 이벤트 기록 resident="Hugo Dias" event="resident_death" context="simulation_runtime"

May 22 20:31 bifrost-sim-core bifrostd[1842]: 거주자 대조 완료 candidates=3
May 22 20:32 bifrost-sim-core bifrostd[1842]: 플레이어 세션 생성됨
May 22 20:36 bifrost-sim-core bifrostd[1842]: 플레이어 세션을 기존 거주자 컨텍스트에 연결
May 22 20:42 bifrost-sim-core bifrostd[1842]: 플레이어 동기화 완료 status=active
May 22 20:50 bifrost-sim-core bifrostd[1842]: 경고: 플레이어 세션이 독립 인스턴스로 생성되지 않음
May 22 20:52 bifrost-sim-core bifrostd[1842]: 경고: 기존 거주자 의식 흐름에 외부 세션이 중첩됨
