Apr 02 22:15:00 bifrost-sim-core systemd[1]: bifrostd.service 시작됨 - BIFROST 시뮬레이션 런타임
Apr 08 19:53:00 bifrost-sim-core bifrostd[1842]: 시뮬레이션 환경 초기화 완료
Apr 20 01:21:00 bifrost-sim-core bifrostd[1842]: 거주자 레지스트리 로드됨 source="/opt/bifrost/residents"
Apr 24 19:30:00 bifrost-sim-core bifrostd[1842]: 활성 거주자 상태 스캔 시작
May 13 02:13:00 bifrost-sim-core bifrostd[1842]: 활성 거주자 상태 스캔 완료

May 13 02:48:18 bifrost-sim-core bifrostd[1842]: 플레이어 접속 요청 수신 origin="bifrost-ws-09" user="odin"
May 13 22:00:00 bifrost-sim-core bifrostd[1842]: 플레이어 희망 설정 데이터 수신 request_id="REQ-0318-ODIN"
May 13 22:00:10 bifrost-sim-core bifrostd[1842]: 희망 설정과 기존 거주자 데이터 대조 시작

May 14 02:21:26 bifrost-sim-core bifrostd[1842]: 적합 후보 발견 resident="Vanitas Goodman" state=alive
May 14 08:29:22 bifrost-sim-core bifrostd[1842]: 적합 후보 발견 resident="Hugo Dias" state=alive
May 14 22:44:21 bifrost-sim-core bifrostd[1842]: 적합 후보 발견 resident="Casey Miller" state=alive
May 14 23:14:24 bifrost-sim-core bifrostd[1842]: 적합 후보 발견 resident="Synex Edmund" state=alive
May 15 01:40:23 bifrost-sim-core bifrostd[1842]: 적합 후보 발견 resident="Ossia Garcia" state=alive
May 16 23:07:27 bifrost-sim-core bifrostd[1842]: 적합 후보 발견 resident="Vesper Ardent" state=alive
May 17 02:11:25 bifrost-sim-core bifrostd[1842]: 적합 후보 발견 resident="Trude Weiss" state=alive

May 17 20:11:28 bifrost-sim-core bifrostd[1842]: 거주자 대조 완료 candidates=7
May 17 21:12:03 bifrost-sim-core bifrostd[1842]: 플레이어 세션 생성됨
May 17 21:12:05 bifrost-sim-core bifrostd[1842]: 플레이어 세션을 기존 거주자 컨텍스트에 연결
May 17 21:12:09 bifrost-sim-core bifrostd[1842]: 플레이어 동기화 완료 status=active
May 17 21:30:10 bifrost-sim-core bifrostd[1842]: 경고: 플레이어 세션이 독립 인스턴스로 생성되지 않음
May 17 21:32:11 bifrost-sim-core bifrostd[1842]: 경고: 기존 거주자 의식 흐름에 외부 세션이 중첩됨